[ 2025-07-12 20:36:59,679 ] 1025 httpx -INFO- [HTTP Request: GET https://dagshub.com/api/v1/user "HTTP/1.1 200 OK"]
[ 2025-07-12 20:36:59,687 ] 107 dagshub -INFO- [Accessing as Devb1234]
[ 2025-07-12 20:37:00,168 ] 1025 httpx -INFO- [HTTP Request: GET https://dagshub.com/api/v1/repos/Devb1234/Network_Security "HTTP/1.1 200 OK"]
[ 2025-07-12 20:37:01,368 ] 1025 httpx -INFO- [HTTP Request: GET https://dagshub.com/api/v1/user "HTTP/1.1 200 OK"]
[ 2025-07-12 20:37:01,370 ] 107 dagshub -INFO- [Initialized MLflow to track repo "Devb1234/Network_Security"]
[ 2025-07-12 20:37:01,370 ] 107 dagshub -INFO- [Repository Devb1234/Network_Security initialized!]
[ 2025-07-12 20:39:40,861 ] 42 root -INFO- [Start data Ingestion]
[ 2025-07-12 20:39:44,127 ] 65 root -INFO- [Performed train test split on the dataframe]
[ 2025-07-12 20:39:44,127 ] 67 root -INFO- [Exited split_data_as_train_test method of Data_Ingestion class]
[ 2025-07-12 20:39:44,127 ] 75 root -INFO- [Exporting train and test file path.]
[ 2025-07-12 20:39:44,182 ] 84 root -INFO- [Exported train and test file path.]
[ 2025-07-12 20:39:44,182 ] 45 root -INFO- [Data Ingestion completed and artifact: DataIngestionArtifact(trained_file_path='Artifacts/07_12_2025_20_36_57/data_ingestion/ingested/train.csv', test_file_path='Artifacts/07_12_2025_20_36_57/data_ingestion/ingested/test.csv')]
[ 2025-07-12 20:39:44,187 ] 55 root -INFO- [Initiate the data Validation]
[ 2025-07-12 20:39:44,208 ] 32 root -INFO- [Required number of columns:2]
[ 2025-07-12 20:39:44,208 ] 33 root -INFO- [Data frame has columns:31]
[ 2025-07-12 20:39:44,208 ] 32 root -INFO- [Required number of columns:2]
[ 2025-07-12 20:39:44,209 ] 33 root -INFO- [Data frame has columns:31]
[ 2025-07-12 20:39:44,354 ] 63 root -INFO- [Entered initiate_data_transformation method of DataTransformation class]
[ 2025-07-12 20:39:44,355 ] 65 root -INFO- [Starting data transformation]
[ 2025-07-12 20:39:44,374 ] 48 root -INFO- [Entered get_data_trnasformer_object method of Trnasformation class]
[ 2025-07-12 20:39:44,374 ] 53 root -INFO- [Initialise KNNImputer with {'missing_values': nan, 'n_neighbors': 3, 'weights': 'uniform'}]
[ 2025-07-12 20:39:44,382 ] 45 root -INFO- [Entered the save_object method of MainUtils class]
[ 2025-07-12 20:39:44,384 ] 49 root -INFO- [Exited the save_object method of MainUtils class]
[ 2025-07-12 20:39:44,384 ] 45 root -INFO- [Entered the save_object method of MainUtils class]
[ 2025-07-12 20:39:44,392 ] 49 root -INFO- [Exited the save_object method of MainUtils class]
[ 2025-07-12 20:43:38,509 ] 45 root -INFO- [Entered the save_object method of MainUtils class]
[ 2025-07-12 20:43:38,509 ] 49 root -INFO- [Exited the save_object method of MainUtils class]
[ 2025-07-12 20:43:38,509 ] 45 root -INFO- [Entered the save_object method of MainUtils class]
[ 2025-07-12 20:43:38,523 ] 49 root -INFO- [Exited the save_object method of MainUtils class]
[ 2025-07-12 20:43:38,523 ] 128 root -INFO- [Model trainer artifact: ModelTrainerArtifact(trained_model_file_path='Artifacts/07_12_2025_20_36_57/model_trainer/trained_model/model.pkl', train_metric_artifact=ClassificationMetricArtifact(f1_score=0.9911827303131651, precision_score=0.9890776699029126, recall_score=0.9932967702620353), test_metric_artifact=ClassificationMetricArtifact(f1_score=0.9743589743589743, precision_score=0.9635499207606973, recall_score=0.9854132901134521))]
