[ 2025-07-12 17:30:28,443 ] 1025 httpx -INFO- [HTTP Request: GET https://dagshub.com/api/v1/user "HTTP/1.1 200 OK"]
[ 2025-07-12 17:30:28,448 ] 107 dagshub -INFO- [Accessing as Devb1234]
[ 2025-07-12 17:30:29,225 ] 1025 httpx -INFO- [HTTP Request: GET https://dagshub.com/api/v1/repos/Devb1234/Network_Security "HTTP/1.1 200 OK"]
[ 2025-07-12 17:30:30,253 ] 1025 httpx -INFO- [HTTP Request: GET https://dagshub.com/api/v1/user "HTTP/1.1 200 OK"]
[ 2025-07-12 17:30:30,257 ] 107 dagshub -INFO- [Initialized MLflow to track repo "Devb1234/Network_Security"]
[ 2025-07-12 17:30:30,258 ] 107 dagshub -INFO- [Repository Devb1234/Network_Security initialized!]
[ 2025-07-12 17:31:24,481 ] 42 root -INFO- [Start data Ingestion]
[ 2025-07-12 17:31:27,289 ] 65 root -INFO- [Performed train test split on the dataframe]
[ 2025-07-12 17:31:27,289 ] 67 root -INFO- [Exited split_data_as_train_test method of Data_Ingestion class]
[ 2025-07-12 17:31:27,289 ] 75 root -INFO- [Exporting train and test file path.]
[ 2025-07-12 17:31:27,344 ] 84 root -INFO- [Exported train and test file path.]
[ 2025-07-12 17:31:27,344 ] 45 root -INFO- [Data Ingestion completed and artifact: DataIngestionArtifact(trained_file_path='Artifacts/07_12_2025_17_30_24/data_ingestion/ingested/train.csv', test_file_path='Artifacts/07_12_2025_17_30_24/data_ingestion/ingested/test.csv')]
[ 2025-07-12 17:31:27,350 ] 55 root -INFO- [Initiate the data Validation]
[ 2025-07-12 17:31:27,366 ] 32 root -INFO- [Required number of columns:2]
[ 2025-07-12 17:31:27,366 ] 33 root -INFO- [Data frame has columns:31]
[ 2025-07-12 17:31:27,366 ] 32 root -INFO- [Required number of columns:2]
[ 2025-07-12 17:31:27,366 ] 33 root -INFO- [Data frame has columns:31]
[ 2025-07-12 17:31:27,512 ] 63 root -INFO- [Entered initiate_data_transformation method of DataTransformation class]
[ 2025-07-12 17:31:27,512 ] 65 root -INFO- [Starting data transformation]
[ 2025-07-12 17:31:27,530 ] 48 root -INFO- [Entered get_data_trnasformer_object method of Trnasformation class]
[ 2025-07-12 17:31:27,530 ] 53 root -INFO- [Initialise KNNImputer with {'missing_values': nan, 'n_neighbors': 3, 'weights': 'uniform'}]
[ 2025-07-12 17:31:27,537 ] 45 root -INFO- [Entered the save_object method of MainUtils class]
[ 2025-07-12 17:31:27,539 ] 49 root -INFO- [Exited the save_object method of MainUtils class]
[ 2025-07-12 17:31:27,539 ] 45 root -INFO- [Entered the save_object method of MainUtils class]
[ 2025-07-12 17:31:27,547 ] 49 root -INFO- [Exited the save_object method of MainUtils class]
[ 2025-07-12 17:35:01,506 ] 45 root -INFO- [Entered the save_object method of MainUtils class]
[ 2025-07-12 17:35:01,506 ] 49 root -INFO- [Exited the save_object method of MainUtils class]
[ 2025-07-12 17:35:01,506 ] 45 root -INFO- [Entered the save_object method of MainUtils class]
[ 2025-07-12 17:35:01,546 ] 49 root -INFO- [Exited the save_object method of MainUtils class]
[ 2025-07-12 17:35:01,546 ] 128 root -INFO- [Model trainer artifact: ModelTrainerArtifact(trained_model_file_path='Artifacts/07_12_2025_17_30_24/model_trainer/trained_model/model.pkl', train_metric_artifact=ClassificationMetricArtifact(f1_score=0.9916187014036151, precision_score=0.9899193548387096, recall_score=0.9933238923730529), test_metric_artifact=ClassificationMetricArtifact(f1_score=0.9706362153344209, precision_score=0.9612277867528272, recall_score=0.9802306425041186))]
